GroupB/22-MyService-31/app/build/intermediates/manifest_merge_blame_file/debug/manifest-merger-blame-debug-report.txt
1<?xml version="1.0" encoding="utf-8"?>
2<manifest xmlns:android="http://schemas.android.com/apk/res/android"
3    package="cis493.demos"
4    android:versionCode="1"
5    android:versionName="1.0.0" >
6
7    <uses-sdk
8        android:minSdkVersion="29"
8-->src\main\AndroidManifest.xml
9        android:targetSdkVersion="29" />
9-->src\main\AndroidManifest.xml
10
11    <application
11-->src\main\AndroidManifest.xml:7:5-24:19
12        android:debuggable="true"
13        android:icon="@drawable/ic_launcher"
13-->src\main\AndroidManifest.xml:8:9-45
14        android:label="@string/app_name"
14-->src\main\AndroidManifest.xml:9:9-41
15        android:testOnly="true"
16        android:theme="@android:style/Theme.Holo.Light" >
16-->src\main\AndroidManifest.xml:10:9-56
17        <activity
17-->src\main\AndroidManifest.xml:12:9-20:20
18            android:name="cis493.demos.MyServiceDriver3"
18-->src\main\AndroidManifest.xml:13:13-45
19            android:label="@string/app_name" >
19-->src\main\AndroidManifest.xml:14:13-45
20            <intent-filter>
20-->src\main\AndroidManifest.xml:15:13-19:29
21                <action android:name="android.intent.action.MAIN" />
21-->src\main\AndroidManifest.xml:16:17-69
21-->src\main\AndroidManifest.xml:16:25-66
22
23                <category android:name="android.intent.category.LAUNCHER" />
23-->src\main\AndroidManifest.xml:18:17-77
23-->src\main\AndroidManifest.xml:18:27-74
24            </intent-filter>
25        </activity>
26
27        <service android:name="cis493.demos.MyService3" >
27-->src\main\AndroidManifest.xml:22:9-23:19
27-->src\main\AndroidManifest.xml:22:18-43
28        </service>
29    </application>
30
31</manifest>